<?xml version="1.0" encoding="UTF-8"?>
<!-- Generated by org.testng.reporters.JUnitXMLReporter -->
<testsuite hostname="Samis-MacBook-Pro.local" ignored="1" name="PostCalls" tests="1" failures="0" timestamp="02 May 2018 20:46:07 GMT" time="2.455" errors="0">
  <testcase name="createNewCustomerTest2" time="2.441" classname="com.PostCalls.PostCallWithJavaObjects"/>
  <testcase name="createNewCustomer" time="0.0" classname="com.PostCalls.DemoQA_Customer_PostCall">
    <ignored/>
  </testcase> <!-- createNewCustomer -->
</testsuite> <!-- PostCalls -->
