<?xml version="1.0" encoding="UTF-8"?>
<testng-results skipped="0" failed="0" ignored="0" total="1" passed="1">
  <reporter-output>
  </reporter-output>
  <suite name="Suite" duration-ms="2255" started-at="2018-05-01T21:22:46Z" finished-at="2018-05-01T21:22:48Z">
    <groups>
    </groups>
    <test name="Test" duration-ms="2255" started-at="2018-05-01T21:22:46Z" finished-at="2018-05-01T21:22:48Z">
      <class name="com.GetCall.WeatherGetTests">
        <test-method status="PASS" signature="getWeatherDetailsTest()[pri:0, instance:com.GetCall.WeatherGetTests@4de8b406]" name="getWeatherDetailsTest" duration-ms="2239" started-at="2018-05-01T17:22:46Z" finished-at="2018-05-01T17:22:48Z">
          <reporter-output>
          </reporter-output>
        </test-method> <!-- getWeatherDetailsTest -->
      </class> <!-- com.GetCall.WeatherGetTests -->
    </test> <!-- Test -->
  </suite> <!-- Suite -->
</testng-results>
