<?xml version="1.0" encoding="UTF-8"?>
<testng-results skipped="0" failed="0" ignored="1" total="2" passed="1">
  <reporter-output>
  </reporter-output>
  <suite name="Suite" duration-ms="6808" started-at="2018-05-01T23:17:57Z" finished-at="2018-05-01T23:18:03Z">
    <groups>
      <group name="postcall">
        <method signature="DemoQA_Customer_PostCall.createNewCustomer()[pri:0, instance:com.PostCalls.DemoQA_Customer_PostCall@5419f379]" name="createNewCustomer" class="com.PostCalls.DemoQA_Customer_PostCall"/>
      </group> <!-- postcall -->
    </groups>
    <test name="Test" duration-ms="4" started-at="2018-05-01T23:17:57Z" finished-at="2018-05-01T23:17:57Z">
    </test> <!-- Test -->
    <test name="PostCalls" duration-ms="1765" started-at="2018-05-01T23:18:02Z" finished-at="2018-05-01T23:18:03Z">
      <class name="com.PostCalls.DemoQA_Customer_PostCall">
        <test-method status="PASS" signature="createNewCustomer()[pri:0, instance:com.PostCalls.DemoQA_Customer_PostCall@5419f379]" name="createNewCustomer" duration-ms="1753" started-at="2018-05-01T19:18:02Z" finished-at="2018-05-01T19:18:03Z">
          <reporter-output>
          </reporter-output>
        </test-method> <!-- createNewCustomer -->
      </class> <!-- com.PostCalls.DemoQA_Customer_PostCall -->
    </test> <!-- PostCalls -->
  </suite> <!-- Suite -->
</testng-results>
