<?xml version="1.0" encoding="UTF-8"?>
<testng-results skipped="0" failed="0" ignored="0" total="1" passed="1">
  <reporter-output>
  </reporter-output>
  <suite name="Default suite" duration-ms="1984" started-at="2018-05-01T02:41:42Z" finished-at="2018-05-01T02:41:44Z">
    <groups>
    </groups>
    <test name="Default test" duration-ms="1984" started-at="2018-05-01T02:41:42Z" finished-at="2018-05-01T02:41:44Z">
      <class name="com.GetCall.WeatherGetTests">
        <test-method status="PASS" signature="getWeatherDetailsTest()[pri:0, instance:com.GetCall.WeatherGetTests@61f8bee4]" name="getWeatherDetailsTest" duration-ms="1967" started-at="2018-04-30T22:41:42Z" finished-at="2018-04-30T22:41:44Z">
          <reporter-output>
          </reporter-output>
        </test-method> <!-- getWeatherDetailsTest -->
      </class> <!-- com.GetCall.WeatherGetTests -->
    </test> <!-- Default test -->
  </suite> <!-- Default suite -->
</testng-results>
