<?xml version="1.0" encoding="UTF-8"?>
<testng-results skipped="0" failed="0" ignored="0" total="2" passed="2">
  <reporter-output>
  </reporter-output>
  <suite name="Suite" duration-ms="6812" started-at="2018-05-01T22:37:27Z" finished-at="2018-05-01T22:37:33Z">
    <groups>
      <group name="postcall">
        <method signature="DemoQA_Customer_PostCall.createNewCustomer()[pri:0, instance:com.PostCalls.DemoQA_Customer_PostCall@4bbfb90a]" name="createNewCustomer" class="com.PostCalls.DemoQA_Customer_PostCall"/>
      </group> <!-- postcall -->
    </groups>
    <test name="Test" duration-ms="1770" started-at="2018-05-01T22:37:27Z" finished-at="2018-05-01T22:37:28Z">
      <class name="com.GetCall.WeatherGetTests">
        <test-method status="PASS" signature="getWeatherDetailsTest()[pri:0, instance:com.GetCall.WeatherGetTests@23e028a9]" name="getWeatherDetailsTest" duration-ms="1752" started-at="2018-05-01T18:37:27Z" finished-at="2018-05-01T18:37:28Z">
          <reporter-output>
          </reporter-output>
        </test-method> <!-- getWeatherDetailsTest -->
      </class> <!-- com.GetCall.WeatherGetTests -->
    </test> <!-- Test -->
    <test name="PostCalls" duration-ms="7" started-at="2018-05-01T22:37:33Z" finished-at="2018-05-01T22:37:33Z">
      <class name="com.PostCalls.DemoQA_Customer_PostCall">
        <test-method status="PASS" signature="createNewCustomer()[pri:0, instance:com.PostCalls.DemoQA_Customer_PostCall@4bbfb90a]" name="createNewCustomer" duration-ms="5" started-at="2018-05-01T18:37:33Z" finished-at="2018-05-01T18:37:33Z">
          <reporter-output>
          </reporter-output>
        </test-method> <!-- createNewCustomer -->
      </class> <!-- com.PostCalls.DemoQA_Customer_PostCall -->
    </test> <!-- PostCalls -->
  </suite> <!-- Suite -->
</testng-results>
